2017-01-18 22:25:59,037 - os.name - Windows 10
2017-01-18 22:25:59,037 - os.arch - amd64
2017-01-18 22:25:59,038 - os.version - 10.0
2017-01-18 22:25:59,038 - java.version - 1.8.0_102
2017-01-18 22:25:59,038 - java.vendor - Oracle Corporation
2017-01-18 22:25:59,038 - java.vendor.url - http://java.oracle.com/
2017-01-18 22:25:59,038 - java.home - C:\Program Files\Java\jdk1.8.0_102\jre
2017-01-18 22:25:59,038 - java.vm.specification.name - Java Virtual Machine Specification
2017-01-18 22:25:59,038 - java.vm.specification.vendor - Oracle Corporation
2017-01-18 22:25:59,038 - java.vm.specification.version - 1.8
2017-01-18 22:25:59,055 - java.class.path - C:\Users\Sakla\Downloads\eclipse-jee-kepler-SR2-win32-x86_64\eclipse\\plugins/org.eclipse.equinox.launcher_1.3.0.v20130327-1440.jar
2017-01-18 22:25:59,055 - java.library.path - C:\Users\Sakla\Downloads\eclipse-jee-kepler-SR2-win32-x86_64\eclipse;C:\Windows\Sun\Java\bin;C:\Windows\system32;C:\Windows;C:/Program Files/Java/jdk1.8.0_102/jre/bin/server;C:/Program Files/Java/jdk1.8.0_102/jre/bin;C:/Program Files/Java/jdk1.8.0_102/jre/lib/amd64;C:\ProgramData\Oracle\Java\javapath;C:\Program Files (x86)\Python\Scripts\;C:\Program Files (x86)\Python\;C:\Windows\system32;C:\Windows;C:\Windows\System32\Wbem;C:\Windows\System32\WindowsPowerShell\v1.0\;C:\Program Files (x86)\Common Files\lenovo\easyplussdk\bin;C:\Program Files (x86)\ATI Technologies\ATI.ACE\Core-Static;C:\Program Files\Intel\WiFi\bin\;C:\Program Files\Common Files\Intel\WirelessCommon\;C:\Program Files\Git\cmd;C:\Program Files (x86)\Skype\Phone\;C:\Program Files\MIT\Kerberos\bin;C:\Users\Sakla\Downloads\eclipse-jee-kepler-SR2-win32-x86_64\eclipse;;.
2017-01-18 22:25:59,055 - --------------------------------------
2017-01-18 22:25:59,055 - ## Eclipse Plug-ins Log Information ##
2017-01-18 22:25:59,055 - --------------------------------------
2017-01-18 22:25:59,212 - javax.el - 2.2.0.v201303151357
2017-01-18 22:25:59,213 - javax.servlet - 3.0.0.v201112011016
2017-01-18 22:25:59,214 - javax.servlet.jsp - 2.2.0.v201112011158
2017-01-18 22:25:59,215 - com.sun.el - 2.2.0.v201303151357
2017-01-18 22:25:59,216 - org.apache.commons.logging - 1.1.1.v201101211721
2017-01-18 22:25:59,217 - org.apache.jasper.glassfish - 2.2.2.v201205150955
2017-01-18 22:25:59,218 - org.apache.lucene.analysis - 3.5.0.v20120725-1805
2017-01-18 22:25:59,219 - org.apache.lucene.core - 3.5.0.v20120725-1805
2017-01-18 22:25:59,220 - org.eclipse.equinox.http.jetty - 3.0.100.v20130327-1442
2017-01-18 22:25:59,220 - org.eclipse.equinox.http.registry - 1.1.300.v20130402-1529
2017-01-18 22:25:59,221 - org.eclipse.equinox.http.servlet - 1.1.400.v20130418-1354
2017-01-18 22:25:59,221 - org.eclipse.equinox.jsp.jasper - 1.0.400.v20130327-1442
2017-01-18 22:25:59,222 - org.eclipse.equinox.jsp.jasper.registry - 1.0.300.v20130327-1442
2017-01-18 22:25:59,222 - org.eclipse.help.base - 4.0.1.v20140221-1700
2017-01-18 22:25:59,223 - org.eclipse.help.ui - 4.0.1.v20130708-1201
2017-01-18 22:25:59,223 - org.eclipse.help.webapp - 3.6.200.v20130514-1258
2017-01-18 22:25:59,224 - org.eclipse.jetty.continuation - 8.1.14.v20131031
2017-01-18 22:25:59,225 - org.eclipse.jetty.http - 8.1.14.v20131031
2017-01-18 22:25:59,226 - org.eclipse.jetty.io - 8.1.14.v20131031
2017-01-18 22:25:59,226 - org.eclipse.jetty.security - 8.1.14.v20131031
2017-01-18 22:25:59,227 - org.eclipse.jetty.server - 8.1.14.v20131031
2017-01-18 22:25:59,228 - org.eclipse.jetty.servlet - 8.1.14.v20131031
2017-01-18 22:25:59,228 - org.eclipse.jetty.util - 8.1.14.v20131031
2017-01-18 22:25:59,286 - org.eclipse.mylyn.bugzilla.core - 3.9.2.v20140211-0100
2017-01-18 22:25:59,286 - org.eclipse.mylyn.bugzilla.ui - 3.9.2.v20140211-0100
2017-01-18 22:25:59,389 - org.eclipse.andmore.hierarchyviewer - 0.5.0.201605181018
2017-01-18 22:25:59,497 - org.eclipse.sequoyah.device.backward - 2.1.0.N20120718-0509
2017-01-18 22:25:59,497 - org.eclipse.sequoyah.device.framework - 2.1.0.N20120718-0509
2017-01-18 22:25:59,497 - org.eclipse.sequoyah.device.framework.ui - 2.1.0.N20120718-0509
2017-01-18 22:25:59,497 - org.eclipse.sequoyah.device.service.start - 2.1.0.N20120718-0509
2017-01-18 22:25:59,498 - org.eclipse.sequoyah.device.service.stop - 2.1.0.N20120718-0509
2017-01-18 22:25:59,498 - org.eclipse.sequoyah.device.framework.wizard - 2.1.0.N20120718-0509
2017-01-18 22:25:59,620 - org.eclipse.mylyn.tasks.core - 3.9.2.v20140211-0100
2017-01-18 22:25:59,621 - org.eclipse.mylyn.tasks.index.core - 3.9.2.v20140211-0100
2017-01-18 22:25:59,621 - org.eclipse.mylyn.tasks.index.ui - 3.9.2.v20140211-0100
2017-01-18 22:25:59,622 - org.eclipse.mylyn.tasks.search - 3.9.2.v20140211-0100
2017-01-18 22:25:59,622 - org.eclipse.mylyn.tasks.ui - 3.9.2.v20140211-0100
2017-01-18 22:25:59,703 - org.eclipse.egit.core - 3.2.0.201312181205-r
2017-01-18 22:25:59,703 - org.eclipse.egit.ui - 3.2.0.201312181205-r
2017-01-18 22:25:59,703 - org.eclipse.egit - 3.2.0.201312181205-r
2017-01-18 22:25:59,703 - org.eclipse.egit.doc - 3.2.0.201312181205-r
2017-01-18 22:25:59,760 - org.eclipse.datatools.common.doc.user - 1.7.0.20090521092446
2017-01-18 22:25:59,850 - org.eclipse.wst.jsdt.web.core - 1.0.700.v201307162035
2017-01-18 22:25:59,850 - org.eclipse.wst.jsdt.web.ui - 1.0.700.v201308282108
2017-01-18 22:25:59,850 - org.eclipse.wst.html.ui.infopop - 1.0.200.v201004150328
2017-01-18 22:25:59,850 - org.eclipse.wst.web.ui.infopop - 1.0.300.v200805140415
2017-01-18 22:25:59,850 - org.eclipse.wst.css.ui - 1.0.801.v201307171524
2017-01-18 22:25:59,850 - org.eclipse.wst.html.ui - 1.0.801.v201307171524
2017-01-18 22:25:59,850 - org.eclipse.wst.web.ui - 1.1.600.v201109220400
2017-01-18 22:25:59,965 - org.eclipse.jpt.dbws.eclipselink.ui - 1.1.0.v201304170155
2017-01-18 22:25:59,967 - org.eclipse.jpt.dbws.eclipselink.core.gen - 1.1.1.v201308091651
2017-01-18 22:25:59,968 - javax.wsdl - 1.6.2.v201012040545
2017-01-18 22:25:59,969 - org.eclipse.persistence.dbws - 2.5.1.v20130918-f2b9fc5
2017-01-18 22:25:59,970 - org.eclipse.persistence.dbws.builder - 2.5.1.v20130918-f2b9fc5
2017-01-18 22:25:59,970 - org.eclipse.jpt.dbws.eclipselink.branding - 1.2.0.v201209060440
2017-01-18 22:26:00,044 - org.eclipse.tm.terminal.telnet - 2.1.300.201305201712
2017-01-18 22:26:00,105 - org.eclipse.rse - 3.5.0.201305201712
2017-01-18 22:26:00,184 - org.eclipse.rse.services.local - 2.1.500.201305211438
2017-01-18 22:26:00,185 - org.eclipse.rse.subsystems.files.local - 2.1.300.201205062159
2017-01-18 22:26:00,185 - org.eclipse.rse.subsystems.processes.local - 2.1.400.201205062159
2017-01-18 22:26:00,185 - org.eclipse.rse.subsystems.shells.local - 2.1.400.201205062159
2017-01-18 22:26:00,186 - org.eclipse.rse.connectorservice.local - 2.1.400.201205062159
2017-01-18 22:26:00,287 - org.eclipse.gef - 3.9.0.201308190730
2017-01-18 22:26:00,352 - org.eclipse.mylyn.commons.identity.core - 1.1.2.v20140211-0100
2017-01-18 22:26:00,427 - org.eclipse.datatools.enablement.hsqldb - 1.0.0.v201107221502
2017-01-18 22:26:00,427 - org.eclipse.datatools.enablement.hsqldb.dbdefinition - 1.0.0.v201107221502
2017-01-18 22:26:00,427 - org.eclipse.datatools.enablement.hsqldb.ui - 1.0.0.v201108120600
2017-01-18 22:26:00,427 - org.eclipse.datatools.enablement.finfo - 1.5.1.v200906161800
2017-01-18 22:26:00,502 - org.eclipse.datatools.sqltools.doc.user - 1.7.0.20090521092446
2017-01-18 22:26:00,502 - org.eclipse.datatools.sqltools.doc.user.contexts - 1.7.0.20090521092446
2017-01-18 22:26:00,556 - javax.persistence - 2.1.0.v201304241213
2017-01-18 22:26:00,557 - org.eclipse.jpt.jpa.annotate - 1.0.1.v201308281654
2017-01-18 22:26:00,557 - org.eclipse.jpt.jpa.core - 3.3.2.v201401172016
2017-01-18 22:26:00,557 - org.eclipse.jpt.jpa.db - 2.2.1.v201311210236
2017-01-18 22:26:00,558 - org.eclipse.jpt.jpa.db.ui - 2.1.0.v201212040155
2017-01-18 22:26:00,558 - org.eclipse.jpt.jpa.gen - 2.3.0.v201305312216
2017-01-18 22:26:00,558 - org.eclipse.jpt.jpa.ui - 3.3.2.v201401172016
2017-01-18 22:26:00,559 - org.eclipse.jpt.doc.user - 3.2.1.v201309042005
2017-01-18 22:26:00,560 - org.eclipse.persistence.jpa.jpql - 2.5.1.v20130918-f2b9fc5
2017-01-18 22:26:00,561 - org.apache.commons.collections - 3.2.2
2017-01-18 22:26:00,562 - org.apache.commons.lang - 2.6.0.v201205030909
2017-01-18 22:26:00,562 - org.apache.velocity - 1.5.0.v200905192330
2017-01-18 22:26:00,563 - org.jdom - 1.1.1.v201101151400
2017-01-18 22:26:00,563 - org.eclipse.jpt.jpa.branding - 3.3.2.v201401172016
2017-01-18 22:26:00,631 - org.eclipse.m2e.wtp - 1.0.1.20130911-1545
2017-01-18 22:26:00,631 - org.eclipse.m2e.wtp.overlay - 1.0.1.20130911-1545
2017-01-18 22:26:00,631 - org.eclipse.m2e.wtp.overlay.ui - 1.0.1.20130911-1545
2017-01-18 22:26:00,679 - org.eclipse.emf.codegen.ui - 2.6.0.v20140203-1126
2017-01-18 22:26:00,758 - org.eclipse.jpt.common.utility - 2.2.0.v201305171828
2017-01-18 22:26:00,758 - org.eclipse.jpt.common.core - 1.3.0.v201304300138
2017-01-18 22:26:00,758 - org.eclipse.jpt.common.ui - 1.3.1.v201401172016
2017-01-18 22:26:00,758 - org.eclipse.jpt.common.branding - 1.3.0.v201209060440
2017-01-18 22:26:00,825 - org.eclipse.datatools.enablement.sqlite - 1.0.0.v201002041100
2017-01-18 22:26:00,825 - org.eclipse.datatools.enablement.sqlite.dbdefinition - 1.0.2.v201206010441
2017-01-18 22:26:00,825 - org.eclipse.datatools.enablement.sqlite.ui - 1.0.0.v201107221507
2017-01-18 22:26:00,825 - org.eclipse.datatools.enablement.finfo - 1.5.1.v200906161800
2017-01-18 22:26:00,913 - org.eclipse.rse.subsystems.terminals.core - 1.0.300.201205062159
2017-01-18 22:26:00,913 - org.eclipse.rse.subsystems.terminals.ssh - 1.0.200.201205062159
2017-01-18 22:26:00,913 - org.eclipse.rse.terminals.ui - 1.2.100.201305201712
2017-01-18 22:26:01,004 - org.eclipse.mylyn.commons.notifications.core - 1.1.2.v20140211-0100
2017-01-18 22:26:01,005 - org.eclipse.mylyn.commons.notifications.feed - 1.1.2.v20140211-0100
2017-01-18 22:26:01,005 - org.eclipse.mylyn.commons.notifications.ui - 1.1.2.v20140211-0100
2017-01-18 22:26:01,116 - org.eclipse.emf.converter - 2.6.0.v20140203-1126
2017-01-18 22:26:01,117 - org.eclipse.emf.importer - 2.8.1.v20140203-1126
2017-01-18 22:26:01,117 - org.eclipse.emf.exporter - 2.7.0.v20140203-1126
2017-01-18 22:26:01,117 - org.eclipse.emf.importer.ecore - 2.7.0.v20140203-1126
2017-01-18 22:26:01,117 - org.eclipse.emf.importer.java - 2.7.0.v20140203-1126
2017-01-18 22:26:01,117 - org.eclipse.emf.importer.rose - 2.7.0.v20140203-1126
2017-01-18 22:26:01,193 - org.eclipse.emf.edit.ui - 2.9.0.v20140203-1126
2017-01-18 22:26:01,277 - org.eclipse.help - 3.6.0.v20130326-1254
2017-01-18 22:26:01,277 - org.eclipse.ui - 3.105.0.v20130522-1122
2017-01-18 22:26:01,278 - org.eclipse.ui.workbench - 3.105.2.v20140211-1711
2017-01-18 22:26:01,278 - org.eclipse.update.configurator - 3.3.200.v20140203-1328
2017-01-18 22:26:01,279 - org.eclipse.rcp - 4.3.0.v20140221-1700
2017-01-18 22:26:01,352 - org.eclipse.cvs - 1.4.0.v20140221-1700
2017-01-18 22:26:01,352 - org.eclipse.team.cvs.core - 3.3.502.v20131127-1657
2017-01-18 22:26:01,352 - org.eclipse.team.cvs.ssh2 - 3.2.302.v20131127-1657
2017-01-18 22:26:01,352 - org.eclipse.team.cvs.ui - 3.3.600.v20130514-1224
2017-01-18 22:26:01,455 - org.eclipse.persistence.moxy - 2.5.1.v20130918-f2b9fc5
2017-01-18 22:26:01,455 - org.eclipse.jpt.jaxb.eclipselink.core - 1.3.0.v201305152244
2017-01-18 22:26:01,455 - org.eclipse.jpt.jaxb.eclipselink.ui - 1.4.0.v201304230122
2017-01-18 22:26:01,456 - org.eclipse.jpt.jaxb.eclipselink.core.schemagen - 1.2.0.v201302131909
2017-01-18 22:26:01,457 - org.eclipse.jpt.jaxb.eclipselink.branding - 1.3.2.v201401172016
2017-01-18 22:26:01,509 - org.apache.directory.studio.ldapservers - 2.0.0.v20151221-M10
2017-01-18 22:26:01,509 - org.apache.directory.studio.ldapservers.apacheds - 2.0.0.v20151221-M10
2017-01-18 22:26:01,510 - org.apache.directory.studio.apacheds.configuration - 2.0.0.v20151221-M10
2017-01-18 22:26:01,510 - org.apache.directory.studio.apacheds.help - 2.0.0.v20151221-M10
2017-01-18 22:26:01,511 - org.apache.directory.studio.common.core - 2.0.0.v20151221-M10
2017-01-18 22:26:01,511 - org.apache.directory.studio.common.ui - 2.0.0.v20151221-M10
2017-01-18 22:26:01,512 - org.apache.directory.studio.connection.core - 2.0.0.v20151221-M10
2017-01-18 22:26:01,512 - org.apache.directory.studio.ldapbrowser.common - 2.0.0.v20151221-M10
2017-01-18 22:26:01,512 - org.apache.directory.studio.ldapbrowser.core - 2.0.0.v20151221-M10
2017-01-18 22:26:01,512 - org.apache.directory.studio.connection.ui - 2.0.0.v20151221-M10
2017-01-18 22:26:01,597 - org.eclipse.datatools.enablement.oda.ws.ui - 1.2.6.v201308091040
2017-01-18 22:26:01,597 - org.eclipse.datatools.enablement.oda.xml.ui - 1.2.7.v201309031044
2017-01-18 22:26:01,688 - org.eclipse.datatools.enablement.postgresql.dbdefinition - 1.0.2.v201110070445
2017-01-18 22:26:01,688 - org.eclipse.datatools.enablement.postgresql - 1.1.1.v201205252207
2017-01-18 22:26:01,688 - org.eclipse.datatools.enablement.postgresql.ui - 1.0.0.v201107221506
2017-01-18 22:26:01,689 - org.eclipse.datatools.enablement.finfo - 1.5.1.v200906161800
2017-01-18 22:26:01,764 - org.eclipse.datatools.connectivity.apache.derby.dbdefinition - 1.0.2.v201107221459
2017-01-18 22:26:01,764 - org.eclipse.datatools.connectivity.apache.derby.ui - 1.0.3.v201107221459
2017-01-18 22:26:01,764 - org.eclipse.datatools.connectivity.apache.derby - 1.0.103.v201212070447
2017-01-18 22:26:01,764 - org.eclipse.datatools.modelbase.derby - 1.0.0.v201107221519
2017-01-18 22:26:01,764 - org.eclipse.datatools.sqltools.db.derby - 1.0.0.v201107221520
2017-01-18 22:26:01,849 - org.eclipse.datatools.connectivity.oda.design.ui - 3.2.9.v201305031540
2017-01-18 22:26:01,850 - org.eclipse.datatools.connectivity.oda.flatfile.ui - 3.1.9.v201309221054
2017-01-18 22:26:01,850 - org.eclipse.datatools.connectivity.ui.dse - 1.1.5.v201212070447
2017-01-18 22:26:01,850 - org.eclipse.datatools.connectivity.ui - 1.2.4.v201212070447
2017-01-18 22:26:01,850 - org.eclipse.datatools.connectivity.sqm.core - 1.2.8.v201401230755
2017-01-18 22:26:01,850 - org.eclipse.datatools.help - 1.5.0.v200906020553
2017-01-18 22:26:01,946 - org.eclipse.jdt - 3.9.1.v20140221-1700
2017-01-18 22:26:01,946 - org.eclipse.ant.ui - 3.5.400.v20140203-1328
2017-01-18 22:26:01,946 - org.eclipse.jdt.apt.core - 3.3.500.v20120516-0617
2017-01-18 22:26:01,946 - org.eclipse.jdt.apt.ui - 3.3.300.v20120516-0617
2017-01-18 22:26:01,946 - org.eclipse.jdt.apt.pluggable.core - 1.0.400.v20120516-0617
2017-01-18 22:26:01,949 - org.eclipse.jdt.compiler.apt - 1.0.600.v20130530-1010
2017-01-18 22:26:01,950 - org.eclipse.jdt.compiler.tool - 1.0.200.v20130530-1010
2017-01-18 22:26:01,950 - org.eclipse.jdt.core - 3.9.2.v20140114-1555
2017-01-18 22:26:01,951 - org.eclipse.jdt.annotation - 1.1.0.v20130513-1648
2017-01-18 22:26:01,951 - org.eclipse.jdt.core.manipulation - 1.5.0.v20130605-1748
2017-01-18 22:26:01,952 - org.eclipse.jdt.debug.ui - 3.6.200.v20130514-0841
2017-01-18 22:26:01,952 - org.eclipse.jdt.debug - 3.8.0.v20130514-0841
2017-01-18 22:26:01,952 - org.eclipse.jdt.junit - 3.7.200.v20130514-0733
2017-01-18 22:26:01,952 - org.eclipse.jdt.junit.core - 3.7.200.v20130514-1154
2017-01-18 22:26:01,953 - org.eclipse.jdt.junit.runtime - 3.4.400.v20130514-0733
2017-01-18 22:26:01,955 - org.eclipse.jdt.junit4.runtime - 1.1.300.v20130514-0733
2017-01-18 22:26:01,955 - org.eclipse.jdt.launching - 3.7.1.v20131218-1102
2017-01-18 22:26:01,955 - org.eclipse.jdt.ui - 3.9.2.v20131106-1600
2017-01-18 22:26:02,006 - org.junit - 4.11.0.v201303080030
2017-01-18 22:26:02,009 - org.hamcrest.core - 1.3.0.v201303031735
2017-01-18 22:26:02,009 - org.eclipse.jdt.doc.user - 3.9.1.v20140205-0929
2017-01-18 22:26:02,009 - org.eclipse.ant.launching - 1.0.300.v20140203-1328
2017-01-18 22:26:02,115 - org.eclipse.emf.common - 2.9.2.v20131212-0545
2017-01-18 22:26:02,187 - org.eclipse.sequoyah.vnc.vncviewer.vncviews - 2.1.0.N20120718-0509
2017-01-18 22:26:02,286 - org.eclipse.egit.mylyn.ui - 3.2.0.201312181205-r
2017-01-18 22:26:02,356 - org.jdom - 1.1.1.v201101151400
2017-01-18 22:26:02,356 - org.eclipse.jst.ws.cxf.consumption.core - 1.0.201.v201301072322
2017-01-18 22:26:02,356 - org.eclipse.jst.ws.cxf.consumption.ui - 1.0.200.v201201312103
2017-01-18 22:26:02,356 - org.eclipse.jst.ws.cxf.core - 1.1.100.v201303142315
2017-01-18 22:26:02,357 - org.eclipse.jst.ws.cxf.creation.core - 1.0.300.v201303132105
2017-01-18 22:26:02,357 - org.eclipse.jst.ws.cxf.creation.ui - 1.0.201.v201301072322
2017-01-18 22:26:02,357 - org.eclipse.jst.ws.cxf.ui - 1.0.200.v201203062228
2017-01-18 22:26:02,357 - javax.wsdl - 1.6.2.v201012040545
2017-01-18 22:26:02,359 - javax.jws - 2.0.0.v201005080400
2017-01-18 22:26:02,360 - javax.xml.bind - 2.1.9.v201005080401
2017-01-18 22:26:02,361 - javax.xml.stream - 1.0.1.v201004272200
2017-01-18 22:26:02,366 - javax.xml.ws - 2.1.0.v200902101523
2017-01-18 22:26:02,467 - org.eclipse.datatools.enablement.sybase.asa.models - 1.0.0.v201107221507
2017-01-18 22:26:02,467 - org.eclipse.datatools.enablement.sybase.ase.models - 1.0.1.v201010140307
2017-01-18 22:26:02,467 - org.eclipse.datatools.enablement.sybase.asa - 1.0.2.v201212120618
2017-01-18 22:26:02,467 - org.eclipse.datatools.enablement.sybase.ase - 1.0.3.v201212120618
2017-01-18 22:26:02,467 - org.eclipse.datatools.enablement.sybase.ase.dbdefinition - 1.0.0.v201107221507
2017-01-18 22:26:02,467 - org.eclipse.datatools.enablement.sybase.asa.dbdefinition - 1.0.0.v200906161800
2017-01-18 22:26:02,467 - org.eclipse.datatools.enablement.sybase.asa.ui - 1.0.1.v200906111204
2017-01-18 22:26:02,467 - org.eclipse.datatools.enablement.sybase.ase.ui - 1.0.1.v200906020900
2017-01-18 22:26:02,467 - org.eclipse.datatools.enablement.sybase - 1.0.1.v201107221507
2017-01-18 22:26:02,467 - org.eclipse.datatools.enablement.sybase.models - 1.0.0.v201010140307
2017-01-18 22:26:02,468 - org.eclipse.datatools.enablement.sybase.ui - 1.0.0.v200906090452
2017-01-18 22:26:02,468 - org.eclipse.datatools.enablement.sybase.asa.schemaobjecteditor.examples - 2.5.0.200810071
2017-01-18 22:26:02,539 - org.eclipse.datatools.sqltools.common.ui - 1.0.1.v201212120623
2017-01-18 22:26:02,539 - org.eclipse.datatools.sqltools.debugger.core - 1.0.1.v201107221520
2017-01-18 22:26:02,539 - org.eclipse.datatools.sqltools.editor.core - 1.0.3.v201212120623
2017-01-18 22:26:02,539 - org.eclipse.datatools.sqltools.plan - 1.0.0.v201107221520
2017-01-18 22:26:02,539 - org.eclipse.datatools.sqltools.routineeditor - 1.0.0.v201107221520
2017-01-18 22:26:02,540 - org.eclipse.datatools.sqltools.sql - 1.0.1.v201110050515
2017-01-18 22:26:02,540 - org.eclipse.datatools.sqltools.sqleditor - 1.0.4.v201212120623
2017-01-18 22:26:02,540 - org.eclipse.datatools.sqltools.sqlscrapbook - 1.0.2.v201205310922
2017-01-18 22:26:02,540 - org.eclipse.datatools.help - 1.5.0.v200906020553
2017-01-18 22:26:02,540 - org.eclipse.datatools.sqltools.db.generic - 1.0.0.v201107221520
2017-01-18 22:26:02,540 - org.eclipse.datatools.sqltools.debugger.core.ui - 1.0.0.v201003161000
2017-01-18 22:26:02,540 - org.eclipse.datatools.sqltools.editor.core.ui - 1.0.0.v201001150815
2017-01-18 22:26:02,540 - org.eclipse.datatools.sqltools.result.ui - 1.1.3.v201302061703
2017-01-18 22:26:02,540 - org.eclipse.datatools.sqltools.routineeditor.ui - 1.0.3.v201211200616
2017-01-18 22:26:02,541 - org.eclipse.datatools.sqltools.sql.ui - 1.0.1.v201201270735
2017-01-18 22:26:02,590 - org.eclipse.m2e.wtp.jsf - 1.0.1.20130911-1545
2017-01-18 22:26:02,638 - org.objectweb.asm - 4.0.0.v201302062210
2017-01-18 22:26:02,638 - org.eclipse.andmore - 0.5.0.201605181018
2017-01-18 22:26:02,638 - org.eclipse.andmore.base - 0.5.0.201605181018
2017-01-18 22:26:02,638 - org.eclipse.andmore.ddms - 0.5.0.201605181018
2017-01-18 22:26:02,638 - org.eclipse.andmore.overlay - 0.5.0.201605181018
2017-01-18 22:26:02,639 - org.apache.commons.codec - 1.6.0.v201305230611
2017-01-18 22:26:02,640 - org.apache.commons.compress - 1.6.0.v201310281400
2017-01-18 22:26:02,643 - org.apache.httpcomponents.httpclient - 4.3.6.v201411290715
2017-01-18 22:26:02,644 - org.apache.httpcomponents.httpcore - 4.3.3.v201411290715
2017-01-18 22:26:02,714 - org.eclipse.datatools.connectivity.db.generic - 1.0.1.v201107221459
2017-01-18 22:26:02,714 - org.eclipse.datatools.connectivity.db.generic.ui - 1.0.2.v201211200622
2017-01-18 22:26:02,714 - org.eclipse.datatools.connectivity.dbdefinition.genericJDBC - 1.0.2.v201310181001
2017-01-18 22:26:02,773 - org.eclipse.emf.mapping - 2.7.0.v20140203-1126
2017-01-18 22:26:02,818 - org.eclipse.datatools.modelbase.dbdefinition - 1.0.2.v201107221519
2017-01-18 22:26:02,819 - org.eclipse.datatools.modelbase.sql.edit - 1.0.2.v201208230744
2017-01-18 22:26:02,819 - org.eclipse.datatools.modelbase.sql.query - 1.1.4.v201212120619
2017-01-18 22:26:02,819 - org.eclipse.datatools.modelbase.sql.query.edit - 1.0.1.v201110151245
2017-01-18 22:26:02,819 - org.eclipse.datatools.modelbase.sql.xml.query - 1.0.2.v201201131123
2017-01-18 22:26:02,819 - org.eclipse.datatools.modelbase.sql - 1.0.6.v201208230744
2017-01-18 22:26:02,924 - org.eclipse.emf.ecore - 2.9.2.v20131212-0545
2017-01-18 22:26:02,924 - org.eclipse.emf.ecore.change - 2.9.0.v20131212-0545
2017-01-18 22:26:02,924 - org.eclipse.emf.ecore.xmi - 2.9.1.v20131212-0545
2017-01-18 22:26:02,987 - org.eclipse.wst.common.project.facet.core - 1.4.300.v201111030424
2017-01-18 22:26:02,987 - org.eclipse.wst.common.project.facet.ui - 1.4.300.v201111030424
2017-01-18 22:26:03,044 - org.eclipse.wst.xsl.core - 1.1.301.v20130423-0632
2017-01-18 22:26:03,044 - org.eclipse.wst.xsl.debug.ui - 1.0.302.v201304241031
2017-01-18 22:26:03,044 - org.eclipse.wst.xsl.launching - 1.1.0.v201304241031
2017-01-18 22:26:03,044 - org.eclipse.wst.xsl.xalan - 1.0.100.v201103081922
2017-01-18 22:26:03,044 - org.eclipse.wst.xsl.ui - 1.1.301.v20130423-0632
2017-01-18 22:26:03,044 - org.eclipse.wst.xml.xpath.ui - 1.1.101.v201204260040
2017-01-18 22:26:03,045 - org.apache.xalan - 2.7.1.v201005080400
2017-01-18 22:26:03,045 - org.apache.commons.logging - 1.1.1.v201101211721
2017-01-18 22:26:03,045 - org.eclipse.wst.xsl.doc - 1.0.100.v201004292007
2017-01-18 22:26:03,045 - org.eclipse.wst.xml.xpath.core - 1.3.0.v201108312136
2017-01-18 22:26:03,047 - org.apache.xml.serializer - 2.7.1.v201005080400
2017-01-18 22:26:03,048 - org.apache.bcel - 5.2.0.v201005080400
2017-01-18 22:26:03,049 - java_cup.runtime - 0.10.0.v201005080400
2017-01-18 22:26:03,049 - org.eclipse.wst.xsl.saxon - 1.0.200.v201103081922
2017-01-18 22:26:03,049 - org.eclipse.wst.xsl - 1.2.0.v201009121641
2017-01-18 22:26:03,050 - org.eclipse.wst.xsl.jaxp.debug - 1.0.300.v201304102231
2017-01-18 22:26:03,050 - org.eclipse.wst.xsl.jaxp.debug.ui - 1.0.200.v201103081922
2017-01-18 22:26:03,050 - org.eclipse.wst.xsl.jaxp.launching - 1.0.300.v201304102231
2017-01-18 22:26:03,051 - org.apache.log4j - 1.2.15.v201012070815
2017-01-18 22:26:03,051 - org.eclipse.wst.xsl.exslt.core - 1.0.0.v201005240426
2017-01-18 22:26:03,051 - org.eclipse.wst.xsl.exslt.ui - 1.0.0.v201006012005
2017-01-18 22:26:03,090 - org.eclipse.datatools.intro - 1.7.0.v201005281800
2017-01-18 22:26:03,147 - org.eclipse.rse.services.ssh - 3.2.100.201305201712
2017-01-18 22:26:03,148 - org.eclipse.rse.connectorservice.ssh - 2.1.300.201205062159
2017-01-18 22:26:03,148 - org.eclipse.rse.subsystems.files.ssh - 2.1.300.201205062159
2017-01-18 22:26:03,148 - org.eclipse.rse.subsystems.shells.ssh - 2.1.400.201205062159
2017-01-18 22:26:03,193 - org.eclipse.jst.common.project.facet.core - 1.4.201.v201108161900
2017-01-18 22:26:03,194 - org.eclipse.jst.common.project.facet.ui - 1.4.200.v201008182133
2017-01-18 22:26:03,244 - org.eclipse.jst.ws - 1.0.600.v201108242234
2017-01-18 22:26:03,244 - org.eclipse.jst.j2ee.ui - 1.1.710.v201312231800
2017-01-18 22:26:03,245 - org.eclipse.jst.ws.axis.creation.ui - 1.0.750.v201204120428
2017-01-18 22:26:03,245 - org.eclipse.jst.ws.axis.consumption.ui - 1.0.701.v201311011642
2017-01-18 22:26:03,245 - org.eclipse.jst.j2ee.jca.ui - 1.1.500.v201304242200
2017-01-18 22:26:03,245 - org.eclipse.jst.j2ee.navigator.ui - 1.1.600.v201203142300
2017-01-18 22:26:03,245 - org.eclipse.jst.j2ee.webservice.ui - 1.1.500.v201105122000
2017-01-18 22:26:03,245 - org.eclipse.jst.ws.axis.consumption.core - 1.0.408.v201401152057
2017-01-18 22:26:03,245 - org.eclipse.jst.servlet.ui - 1.1.700.v201303151600
2017-01-18 22:26:03,245 - org.eclipse.jst.ws.ui - 1.0.403.v201004211805
2017-01-18 22:26:03,245 - org.eclipse.jst.ws.uddiregistry - 1.0.500.v201004211805
2017-01-18 22:26:03,245 - org.eclipse.jst.ws.creation.ui - 1.0.800.v201304171447
2017-01-18 22:26:03,245 - org.eclipse.jst.ws.consumption.ui - 1.1.702.v201312022107
2017-01-18 22:26:03,245 - org.eclipse.jst.ws.consumption - 1.0.701.v201212112014
2017-01-18 22:26:03,245 - org.eclipse.jst.j2ee.infopop - 1.0.300.v200805140415
2017-01-18 22:26:03,245 - org.eclipse.jst.jsp.ui.infopop - 1.0.200.v201004150328
2017-01-18 22:26:03,245 - org.eclipse.jst.servlet.ui.infopop - 1.0.500.v201105122000
2017-01-18 22:26:03,245 - org.eclipse.jst.ws.axis.infopop - 1.0.300.v200805140230
2017-01-18 22:26:03,245 - org.eclipse.jst.ws.consumption.infopop - 1.0.300.v200805140230
2017-01-18 22:26:03,245 - org.eclipse.jst.ws.infopop - 1.0.300.v200805140230
2017-01-18 22:26:03,245 - org.eclipse.jst.ws.creation.ejb.ui - 1.0.201.v201004211805
2017-01-18 22:26:03,245 - org.eclipse.jst.ejb.ui - 1.1.800.v201303152000
2017-01-18 22:26:03,245 - org.eclipse.jst.j2ee.ejb.annotations.ui - 1.1.200.v201004290730
2017-01-18 22:26:03,245 - org.eclipse.jst.j2ee.ejb.annotation.model - 1.1.300.v201003112036
2017-01-18 22:26:03,245 - org.eclipse.jst.j2ee.ejb.annotations.emitter - 1.1.200.v200909290826
2017-01-18 22:26:03,245 - org.eclipse.jst.j2ee.ejb.annotations.xdoclet - 1.2.200.v201103302125
2017-01-18 22:26:03,245 - org.eclipse.jst.j2ee.xdoclet.runtime - 1.1.300.v201004280700
2017-01-18 22:26:03,245 - org.eclipse.jst.jee.ui - 1.0.601.v201401151036
2017-01-18 22:26:03,245 - org.eclipse.jst.ejb.ui.infopop - 1.0.300.v2010022311013
2017-01-18 22:26:03,245 - org.eclipse.jst.ws.jaxrs.core - 1.0.502.v201310152235
2017-01-18 22:26:03,245 - org.eclipse.jst.ws.jaxrs.ui - 1.0.601.v201309040304
2017-01-18 22:26:03,293 - org.apache.xerces - 2.9.0.v201101211617
2017-01-18 22:26:03,294 - org.apache.xml.resolver - 1.2.0.v201005080400
2017-01-18 22:26:03,294 - org.apache.xml.serializer - 2.7.1.v201005080400
2017-01-18 22:26:03,294 - org.eclipse.datatools.enablement.oda.ws - 1.2.6.v201307051812
2017-01-18 22:26:03,294 - org.eclipse.datatools.enablement.oda.xml - 1.2.5.v201305031101
2017-01-18 22:26:03,294 - javax.xml - 1.3.4.v201005080400
2017-01-18 22:26:03,294 - javax.wsdl - 1.6.2.v201012040545
2017-01-18 22:26:03,366 - org.eclipse.jgit - 3.2.0.201312181205-r
2017-01-18 22:26:03,367 - org.eclipse.jgit.archive - 3.2.0.201312181205-r
2017-01-18 22:26:03,369 - com.jcraft.jsch - 0.1.50.v201310081430
2017-01-18 22:26:03,370 - javaewah - 0.5.6.v201307211000
2017-01-18 22:26:03,370 - org.apache.commons.compress - 1.6.0.v201310281400
2017-01-18 22:26:03,437 - org.eclipse.mylyn.wikitext.core - 1.8.2.v20140211-0100
2017-01-18 22:26:03,437 - org.eclipse.mylyn.wikitext.textile.core - 1.8.2.v20140211-0100
2017-01-18 22:26:03,439 - org.eclipse.mylyn.wikitext.mediawiki.core - 1.8.2.v20140211-0100
2017-01-18 22:26:03,439 - org.eclipse.mylyn.wikitext.confluence.core - 1.8.2.v20140211-0100
2017-01-18 22:26:03,439 - org.eclipse.mylyn.wikitext.tracwiki.core - 1.8.2.v20140211-0100
2017-01-18 22:26:03,439 - org.eclipse.mylyn.wikitext.twiki.core - 1.8.2.v20140211-0100
2017-01-18 22:26:03,439 - org.eclipse.mylyn.wikitext.ui - 1.8.2.v20140211-0100
2017-01-18 22:26:03,439 - org.eclipse.mylyn.wikitext.help.ui - 1.8.2.v20140211-0100
2017-01-18 22:26:03,439 - org.eclipse.mylyn.wikitext.textile.ui - 1.8.2.v20140211-0100
2017-01-18 22:26:03,439 - org.eclipse.mylyn.wikitext.mediawiki.ui - 1.8.2.v20140211-0100
2017-01-18 22:26:03,439 - org.eclipse.mylyn.wikitext.confluence.ui - 1.8.2.v20140211-0100
2017-01-18 22:26:03,439 - org.eclipse.mylyn.wikitext.tracwiki.ui - 1.8.2.v20140211-0100
2017-01-18 22:26:03,439 - org.eclipse.mylyn.wikitext.twiki.ui - 1.8.2.v20140211-0100
2017-01-18 22:26:03,439 - org.eclipse.mylyn.wikitext.tasks.ui - 1.8.2.v20140211-0100
2017-01-18 22:26:03,439 - org.eclipse.mylyn.wikitext.context.ui - 1.8.2.v20140211-0100
2017-01-18 22:26:03,504 - org.eclipse.jpt.jaxb.core - 1.3.1.v201308091651
2017-01-18 22:26:03,505 - org.eclipse.jpt.jaxb.core.schemagen - 1.1.0.v201302131909
2017-01-18 22:26:03,505 - org.eclipse.jpt.jaxb.ui - 1.4.0.v201305082238
2017-01-18 22:26:03,505 - org.eclipse.jpt.jaxb.branding - 1.3.2.v201401172016
2017-01-18 22:26:03,580 - org.eclipse.emf.mapping.ecore.editor - 2.6.0.v20140203-1126
2017-01-18 22:26:03,580 - org.eclipse.emf.mapping.ecore2ecore.editor - 2.6.0.v20140203-1126
2017-01-18 22:26:03,580 - org.eclipse.emf.mapping.ecore2xml.ui - 2.6.0.v20140203-1126
2017-01-18 22:26:03,656 - org.eclipse.datatools.enablement.finfo - 1.5.1.v200906161800
2017-01-18 22:26:03,656 - org.eclipse.datatools.sqltools.db.derby.ui - 1.0.0.v200906020900
2017-01-18 22:26:03,656 - org.eclipse.datatools.sqltools.db.generic.ui - 1.0.0.v200906020900
2017-01-18 22:26:03,723 - org.eclipse.jst.ws.axis2.core - 1.0.204.v201004211805
2017-01-18 22:26:03,723 - org.eclipse.jst.ws.axis2.ui - 1.0.303.v201003110431
2017-01-18 22:26:03,724 - org.eclipse.jst.ws.axis2.consumption.core - 1.0.105.v201004211805
2017-01-18 22:26:03,724 - org.eclipse.jst.ws.axis2.consumption.ui - 1.0.103.v201004211805
2017-01-18 22:26:03,726 - org.eclipse.jst.ws.axis2.creation.core - 1.0.106.v201004211805
2017-01-18 22:26:03,727 - org.eclipse.jst.ws.axis2.creation.ui - 1.0.104.v201004211805
2017-01-18 22:26:03,727 - org.eclipse.jst.ws.axis2.ui.doc.user - 1.0.100.v201005192217
2017-01-18 22:26:03,791 - org.apache.ant - 1.8.4.v201303080030
2017-01-18 22:26:03,791 - org.eclipse.ant.core - 3.2.500.v20140203-1328
2017-01-18 22:26:03,791 - com.jcraft.jsch - 0.1.50.v201310081430
2017-01-18 22:26:03,791 - org.eclipse.compare.core - 3.5.300.v20130514-1224
2017-01-18 22:26:03,791 - org.eclipse.compare - 3.5.401.v20130709-1308
2017-01-18 22:26:03,791 - org.eclipse.compare.win32 - 1.0.200.v20130514-1224
2017-01-18 22:26:03,791 - org.eclipse.core.filebuffers - 3.5.300.v20130225-1821
2017-01-18 22:26:03,791 - org.eclipse.core.filesystem - 1.4.0.v20130514-1240
2017-01-18 22:26:03,791 - org.eclipse.core.net - 1.2.200.v20130430-1352
2017-01-18 22:26:03,792 - org.eclipse.core.net.win32.x86_64 - 1.0.100.v20100505-1614
2017-01-18 22:26:03,792 - org.eclipse.core.resources - 3.8.101.v20130717-0806
2017-01-18 22:26:03,793 - org.eclipse.core.runtime.compatibility - 3.2.200.v20130326-1255
2017-01-18 22:26:03,809 - org.eclipse.core.runtime.compatibility.registry - 3.5.200.v20130514-1256
2017-01-18 22:26:03,810 - org.eclipse.osgi.util - 3.2.300.v20130513-1956
2017-01-18 22:26:03,810 - org.eclipse.debug.core - 3.8.0.v20130514-0954
2017-01-18 22:26:03,810 - org.eclipse.debug.ui - 3.9.0.v20130516-1713
2017-01-18 22:26:03,811 - org.eclipse.equinox.event - 1.3.0.v20130327-1442
2017-01-18 22:26:03,811 - org.eclipse.ltk.core.refactoring - 3.6.100.v20130605-1748
2017-01-18 22:26:03,811 - org.eclipse.ltk.ui.refactoring - 3.7.100.v20130605-1748
2017-01-18 22:26:03,811 - org.eclipse.platform - 4.3.2.v20140221-1700
2017-01-18 22:26:03,811 - org.eclipse.platform.doc.user - 4.3.1.v20140123-0938
2017-01-18 22:26:03,811 - org.eclipse.search - 3.9.1.v20131121-1346
2017-01-18 22:26:03,811 - org.eclipse.team.core - 3.7.0.v20130514-1224
2017-01-18 22:26:03,811 - org.eclipse.team.ui - 3.7.1.v20130729-1104
2017-01-18 22:26:03,811 - org.eclipse.text - 3.5.300.v20130515-1451
2017-01-18 22:26:03,812 - org.eclipse.jface.text - 3.8.101.v20130802-1147
2017-01-18 22:26:03,812 - org.eclipse.jsch.core - 1.1.402.v20131127-1657
2017-01-18 22:26:03,812 - org.eclipse.jsch.ui - 1.1.402.v20131127-1657
2017-01-18 22:26:03,812 - org.eclipse.ui.console - 3.5.200.v20130514-0954
2017-01-18 22:26:03,812 - org.eclipse.ui.intro - 3.4.200.v20130326-1254
2017-01-18 22:26:03,812 - org.eclipse.ui.intro.universal - 3.2.600.v20130326-1254
2017-01-18 22:26:03,812 - org.eclipse.ui.cheatsheets - 3.4.200.v20130326-1254
2017-01-18 22:26:03,812 - org.eclipse.ui.browser - 3.4.100.v20130527-1656
2017-01-18 22:26:03,812 - org.eclipse.ui.navigator - 3.5.300.v20130517-0139
2017-01-18 22:26:03,812 - org.eclipse.ui.navigator.resources - 3.4.501.v20131021-1545
2017-01-18 22:26:03,812 - org.eclipse.ui.net - 1.2.200.v20120807-0927
2017-01-18 22:26:03,812 - org.eclipse.ui.workbench.texteditor - 3.8.101.v20130729-1318
2017-01-18 22:26:03,812 - org.eclipse.ui.views - 3.6.100.v20130326-1250
2017-01-18 22:26:03,812 - org.eclipse.ui.editors - 3.8.100.v20130513-1637
2017-01-18 22:26:03,812 - org.eclipse.ui.externaltools - 3.2.200.v20130508-2007
2017-01-18 22:26:03,812 - org.eclipse.ui.ide - 3.9.2.v20131004-0923
2017-01-18 22:26:03,812 - org.eclipse.ui.ide.application - 1.0.401.v20131105-1007
2017-01-18 22:26:03,814 - org.eclipse.ui.win32 - 3.2.400.v20130516-1056
2017-01-18 22:26:03,814 - org.eclipse.core.resources.win32.x86_64 - 3.5.0.v20121203-0906
2017-01-18 22:26:03,815 - org.eclipse.core.filesystem.win32.x86_64 - 1.4.0.v20121112-1357
2017-01-18 22:26:03,816 - org.eclipse.core.variables - 3.2.700.v20130402-1741
2017-01-18 22:26:03,816 - org.eclipse.ui.forms - 3.6.1.v20130822-1117
2017-01-18 22:26:03,816 - org.eclipse.ui.views.properties.tabbed - 3.6.0.v20130515-1857
2017-01-18 22:26:03,816 - org.eclipse.equinox.security - 1.2.0.v20130424-1801
2017-01-18 22:26:03,816 - org.eclipse.equinox.security.ui - 1.1.100.v20130327-1442
2017-01-18 22:26:03,816 - org.eclipse.equinox.security.win32.x86_64 - 1.0.100.v20130327-1442
2017-01-18 22:26:03,816 - org.eclipse.core.externaltools - 1.0.200.v20130402-1741
2017-01-18 22:26:03,879 - org.eclipse.datatools.enablement.jdt.classpath - 1.0.1.v201107221501
2017-01-18 22:26:03,966 - org.eclipse.mylyn.discovery.core - 3.9.2.v20140211-0100
2017-01-18 22:26:03,967 - org.eclipse.mylyn.discovery.ui - 3.9.2.v20140211-0100
2017-01-18 22:26:04,079 - org.eclipse.emf.ecore.edit - 2.8.0.v20140203-1126
2017-01-18 22:26:04,079 - org.eclipse.emf.ecore.change.edit - 2.5.0.v20140203-1126
2017-01-18 22:26:04,162 - org.eclipse.datatools.enablement.mysql.dbdefinition - 1.0.4.v201109022331
2017-01-18 22:26:04,162 - org.eclipse.datatools.enablement.mysql - 1.0.4.v201212120617
2017-01-18 22:26:04,162 - org.eclipse.datatools.enablement.mysql.ui - 1.0.0.v201109022331
2017-01-18 22:26:04,162 - org.eclipse.datatools.enablement.finfo - 1.5.1.v200906161800
2017-01-18 22:26:04,251 - org.eclipse.sequoyah.vnc.protocol - 2.1.0.N20120718-0509
2017-01-18 22:26:04,354 - org.eclipse.datatools.enablement.msft.sqlserver.dbdefinition - 1.0.1.v201201240505
2017-01-18 22:26:04,354 - org.eclipse.datatools.enablement.msft.sqlserver - 1.0.3.v201308161009
2017-01-18 22:26:04,354 - org.eclipse.datatools.enablement.msft.sqlserver.ui - 1.0.4.v201308031011
2017-01-18 22:26:04,354 - org.eclipse.datatools.enablement.finfo - 1.5.1.v200906161800
2017-01-18 22:26:04,443 - org.eclipse.persistence.antlr - 3.2.0.v201302191141
2017-01-18 22:26:04,445 - org.eclipse.persistence.asm - 3.3.1.v201302191223
2017-01-18 22:26:04,447 - org.eclipse.persistence.core - 2.5.1.v20130918-f2b9fc5
2017-01-18 22:26:04,448 - org.eclipse.persistence.jpa - 2.5.1.v20130918-f2b9fc5
2017-01-18 22:26:04,448 - org.eclipse.jpt.jpa.eclipselink.core - 2.3.1.v201308281654
2017-01-18 22:26:04,449 - org.eclipse.jpt.jpa.eclipselink.ui - 2.3.1.v201308272012
2017-01-18 22:26:04,449 - org.eclipse.jpt.jpa.eclipselink.core.ddlgen - 2.2.0.v201212040155
2017-01-18 22:26:04,450 - org.eclipse.jpt.jpa.eclipselink.branding - 3.3.2.v201401172016
2017-01-18 22:26:04,524 - org.eclipse.emf.mapping.ecore - 2.6.0.v20140203-1126
2017-01-18 22:26:04,524 - org.eclipse.emf.mapping.ecore2ecore - 2.7.0.v20140203-1126
2017-01-18 22:26:04,524 - org.eclipse.emf.mapping.ecore2xml - 2.7.0.v20140203-1126
2017-01-18 22:26:04,617 - org.eclipse.datatools.enablement.ingres - 1.0.0.v200906111150
2017-01-18 22:26:04,617 - org.eclipse.datatools.enablement.ingres.dbdefinition - 1.0.0.v200906161800
2017-01-18 22:26:04,618 - org.eclipse.datatools.enablement.ingres.ui - 1.0.0.v201105270214
2017-01-18 22:26:04,618 - org.eclipse.datatools.enablement.finfo - 1.5.1.v200906161800
2017-01-18 22:26:04,713 - org.eclipse.andmore.traceview - 0.5.0.201605181018
2017-01-18 22:26:04,784 - org.apache.directory.studio.aciitemeditor - 2.0.0.v20151221-M10
2017-01-18 22:26:04,784 - org.apache.directory.studio.connection.core - 2.0.0.v20151221-M10
2017-01-18 22:26:04,784 - org.apache.directory.studio.connection.ui - 2.0.0.v20151221-M10
2017-01-18 22:26:04,784 - org.apache.directory.studio.ldapbrowser.common - 2.0.0.v20151221-M10
2017-01-18 22:26:04,784 - org.apache.directory.studio.ldapbrowser.core - 2.0.0.v20151221-M10
2017-01-18 22:26:04,784 - org.apache.directory.studio.ldifeditor - 2.0.0.v20151221-M10
2017-01-18 22:26:04,785 - org.apache.directory.studio.ldifeditor.help - 2.0.0.v20151221-M10
2017-01-18 22:26:04,785 - org.apache.directory.studio.valueeditors - 2.0.0.v20151221-M10
2017-01-18 22:26:04,785 - org.apache.directory.studio.common.core - 2.0.0.v20151221-M10
2017-01-18 22:26:04,785 - org.apache.directory.studio.common.ui - 2.0.0.v20151221-M10
2017-01-18 22:26:04,787 - org.apache.directory.studio.ldifparser - 2.0.0.v20151221-M10
2017-01-18 22:26:04,892 - org.eclipse.m2e.wtp.jpa - 1.0.1.e43-20130911-1546
2017-01-18 22:26:04,965 - org.eclipse.sequoyah.localization.android - 2.1.0.N20120718-0509
2017-01-18 22:26:04,965 - org.eclipse.sequoyah.localization.android.help - 2.1.1.N20120718-0509
2017-01-18 22:26:05,065 - org.eclipse.emf.codegen - 2.9.0.v20140203-1126
2017-01-18 22:26:05,155 - org.eclipse.m2e.logback.configuration - 1.4.0.20130601-0317
2017-01-18 22:26:05,158 - org.eclipse.m2e.logback.appender - 1.4.0.20130601-0317
2017-01-18 22:26:05,266 - org.eclipse.wst.dtd.ui - 1.0.801.v201308100603
2017-01-18 22:26:05,266 - org.eclipse.wst.dtd.ui.infopop - 1.0.400.v201008112018
2017-01-18 22:26:05,266 - org.eclipse.wst.sse.ui.infopop - 1.0.300.v201004150328
2017-01-18 22:26:05,266 - org.eclipse.wst.xml.ui.infopop - 1.0.400.v201004292007
2017-01-18 22:26:05,266 - org.eclipse.wst.sse.ui - 1.3.201.v201401132128
2017-01-18 22:26:05,266 - org.eclipse.wst.xml.ui - 1.1.401.v201308132110
2017-01-18 22:26:05,266 - org.eclipse.wst.xsd.ui - 1.2.500.v201203081826
2017-01-18 22:26:05,358 - org.eclipse.datatools.doc.user - 1.7.0.20090521092446
2017-01-18 22:26:05,358 - org.eclipse.datatools.oda.cshelp - 1.1.2.v201309200751
2017-01-18 22:26:05,359 - org.eclipse.datatools.help - 1.5.0.v200906020553
2017-01-18 22:26:05,457 - org.eclipse.emf - 2.6.0.v20140203-1126
2017-01-18 22:26:05,577 - org.eclipse.epp.package.jee - 2.0.2.20140224-0000
2017-01-18 22:26:05,577 - org.eclipse.wtp.epp.package.jee.intro - 1.3.0.v201006142040
2017-01-18 22:26:05,577 - org.eclipse.wtp.javascript.capabilities - 1.0.100.v201005102000
2017-01-18 22:26:05,577 - org.eclipse.wtp.jee.capabilities - 1.0.100.v201005102000
2017-01-18 22:26:05,577 - org.eclipse.wtp.web.capabilities - 1.0.100.v201005102000
2017-01-18 22:26:05,577 - org.eclipse.wtp.xml.capabilities - 1.0.100.v201005102000
2017-01-18 22:26:05,577 - org.eclipse.wtp.epp.package.capabilities - 1.3.0.v201005102000
2017-01-18 22:26:05,668 - org.eclipse.jst.ws.jaxws.core - 1.0.301.v201401101648
2017-01-18 22:26:05,668 - org.eclipse.jst.ws.jaxws.ui - 1.0.300.v201302270042
2017-01-18 22:26:05,668 - javax.xml.ws - 2.1.0.v200902101523
2017-01-18 22:26:05,668 - javax.jws - 2.0.0.v201005080400
2017-01-18 22:26:05,668 - org.eclipse.jst.ws.annotations.core - 1.2.101.v201401101648
2017-01-18 22:26:05,668 - javax.xml.bind - 2.1.9.v201005080401
2017-01-18 22:26:05,668 - javax.xml.stream - 1.0.1.v201004272200
2017-01-18 22:26:05,668 - org.eclipse.jst.ws.jaxb.core - 1.0.100.v201104031139
2017-01-18 22:26:05,668 - javax.wsdl - 1.6.2.v201012040545
2017-01-18 22:26:05,668 - org.jdom - 1.1.1.v201101151400
2017-01-18 22:26:05,754 - org.eclipse.datatools.connectivity.doc.user.contexts - 1.7.0.20090521092446
2017-01-18 22:26:05,754 - org.eclipse.datatools.connectivity.doc.user - 1.7.0.20090521092446
2017-01-18 22:26:05,845 - org.eclipse.mylyn.tasks.bugs - 3.9.2.v20140211-0100
2017-01-18 22:26:05,845 - org.eclipse.mylyn.help.ui - 3.9.2.v20140211-0100
2017-01-18 22:26:05,929 - org.eclipse.draw2d - 3.9.0.201308190730
2017-01-18 22:26:06,038 - org.eclipse.emf.edit - 2.9.0.v20140203-1126
2017-01-18 22:26:06,129 - org.eclipse.mylyn.commons.core - 3.9.2.v20140211-0100
2017-01-18 22:26:06,130 - org.eclipse.mylyn.commons.screenshots - 3.9.2.v20140211-0100
2017-01-18 22:26:06,132 - org.eclipse.mylyn.commons.ui - 3.9.2.v20140211-0100
2017-01-18 22:26:06,132 - org.eclipse.mylyn.commons.workbench - 3.9.2.v20140211-0100
2017-01-18 22:26:06,183 - org.eclipse.mylyn.team.cvs - 3.9.2.v20140211-0100
2017-01-18 22:26:06,183 - org.eclipse.mylyn.bugzilla.ide - 3.9.2.v20140211-0100
2017-01-18 22:26:06,183 - org.eclipse.mylyn.ide.ui - 3.9.2.v20140211-0100
2017-01-18 22:26:06,218 - org.apache.directory.studio.connection.core - 2.0.0.v20151221-M10
2017-01-18 22:26:06,218 - org.apache.directory.studio.connection.ui - 2.0.0.v20151221-M10
2017-01-18 22:26:06,218 - org.apache.directory.studio.ldifparser - 2.0.0.v20151221-M10
2017-01-18 22:26:06,218 - org.apache.directory.studio.schemaeditor - 2.0.0.v20151221-M10
2017-01-18 22:26:06,218 - org.apache.directory.studio.schemaeditor.help - 2.0.0.v20151221-M10
2017-01-18 22:26:06,218 - org.apache.directory.studio.common.core - 2.0.0.v20151221-M10
2017-01-18 22:26:06,218 - org.apache.directory.studio.common.ui - 2.0.0.v20151221-M10
2017-01-18 22:26:06,267 - org.eclipse.emf.databinding.edit - 1.3.0.v20140203-1126
2017-01-18 22:26:06,370 - org.eclipse.emf.codegen.ecore - 2.9.1.v20140203-1126
2017-01-18 22:26:06,370 - org.eclipse.emf.ant - 2.8.0.v20140203-1126
2017-01-18 22:26:06,434 - org.eclipse.m2e.archetype.common - 1.4.0.20130531-2315
2017-01-18 22:26:06,444 - org.eclipse.m2e.maven.indexer - 1.4.0.20130531-2315
2017-01-18 22:26:06,444 - org.eclipse.m2e.model.edit - 1.4.0.20130601-0317
2017-01-18 22:26:06,444 - org.eclipse.m2e.core - 1.4.0.20130601-0317
2017-01-18 22:26:06,444 - org.eclipse.m2e.launching - 1.4.0.20130601-0317
2017-01-18 22:26:06,444 - org.eclipse.m2e.jdt - 1.4.0.20130601-0317
2017-01-18 22:26:06,444 - org.eclipse.m2e.editor - 1.4.0.20130601-0317
2017-01-18 22:26:06,444 - org.eclipse.m2e.editor.xml - 1.4.0.20130601-0317
2017-01-18 22:26:06,450 - org.eclipse.m2e.maven.runtime - 1.4.0.20130531-2315
2017-01-18 22:26:06,451 - org.eclipse.m2e.refactoring - 1.4.0.20130601-0317
2017-01-18 22:26:06,452 - org.eclipse.m2e.lifecyclemapping.defaults - 1.4.0.20130601-0317
2017-01-18 22:26:06,452 - org.eclipse.m2e.discovery - 1.4.0.20130601-0317
2017-01-18 22:26:06,452 - org.eclipse.m2e.core.ui - 1.4.0.20130601-0317
2017-01-18 22:26:06,452 - org.eclipse.m2e.scm - 1.4.0.20130601-0317
2017-01-18 22:26:06,453 - com.ning.async-http-client - 1.6.5.20130531-2315
2017-01-18 22:26:06,454 - org.jboss.netty - 3.2.5.Final-20130531-2315
2017-01-18 22:26:06,506 - org.eclipse.andmore.ndk - 0.5.0.201605181018
2017-01-18 22:26:06,548 - org.apache.directory.studio.aciitemeditor - 2.0.0.v20151221-M10
2017-01-18 22:26:06,548 - org.apache.directory.studio.connection.core - 2.0.0.v20151221-M10
2017-01-18 22:26:06,548 - org.apache.directory.studio.connection.ui - 2.0.0.v20151221-M10
2017-01-18 22:26:06,548 - org.apache.directory.studio.ldapbrowser.common - 2.0.0.v20151221-M10
2017-01-18 22:26:06,548 - org.apache.directory.studio.ldapbrowser.core - 2.0.0.v20151221-M10
2017-01-18 22:26:06,548 - org.apache.directory.studio.ldapbrowser.help - 2.0.0.v20151221-M10
2017-01-18 22:26:06,549 - org.apache.directory.studio.ldapbrowser.ui - 2.0.0.v20151221-M10
2017-01-18 22:26:06,549 - org.apache.directory.studio.ldifeditor - 2.0.0.v20151221-M10
2017-01-18 22:26:06,549 - org.apache.directory.studio.valueeditors - 2.0.0.v20151221-M10
2017-01-18 22:26:06,549 - org.apache.directory.studio.ldifparser - 2.0.0.v20151221-M10
2017-01-18 22:26:06,549 - org.apache.directory.studio.common.core - 2.0.0.v20151221-M10
2017-01-18 22:26:06,549 - org.apache.directory.studio.common.ui - 2.0.0.v20151221-M10
2017-01-18 22:26:06,606 - org.eclipse.andmore.gldebugger - 0.5.0.201605181018
2017-01-18 22:26:06,662 - org.eclipse.epp.mpc.core - 1.2.1.v20140219-1000
2017-01-18 22:26:06,662 - org.eclipse.epp.mpc.ui - 1.2.1.v20140219-1000
2017-01-18 22:26:06,662 - org.eclipse.epp.mpc.help.ui - 1.2.1.v20140219-1000
2017-01-18 22:26:06,755 - org.eclipse.datatools.connectivity.oda.consumer - 3.2.6.v201305170644
2017-01-18 22:26:06,755 - org.eclipse.datatools.connectivity.oda.design - 3.3.6.v201212070447
2017-01-18 22:26:06,755 - org.eclipse.datatools.connectivity.oda.flatfile - 3.1.7.v201311081026
2017-01-18 22:26:06,755 - org.eclipse.datatools.connectivity.oda.profile - 3.2.9.v201307270622
2017-01-18 22:26:06,755 - org.eclipse.datatools.connectivity.oda - 3.4.2.v201311051159
2017-01-18 22:26:06,755 - org.eclipse.datatools.connectivity - 1.2.11.v201401230755
2017-01-18 22:26:06,899 - org.eclipse.andmore.android.certmanager - 0.5.0.201605181018
2017-01-18 22:26:06,980 - org.eclipse.dstore.core - 3.3.201.201309112143
2017-01-18 22:26:06,981 - org.eclipse.dstore.extra - 2.1.400.201211090626
2017-01-18 22:26:06,981 - org.eclipse.rse.connectorservice.dstore - 3.1.301.201209211856
2017-01-18 22:26:06,982 - org.eclipse.rse.services.dstore - 3.2.100.201305201712
2017-01-18 22:26:06,982 - org.eclipse.rse.subsystems.files.dstore - 2.1.300.201205241511
2017-01-18 22:26:06,982 - org.eclipse.rse.subsystems.processes.dstore - 2.1.400.201205062159
2017-01-18 22:26:06,982 - org.eclipse.rse.subsystems.shells.dstore - 2.1.400.201205062159
2017-01-18 22:26:06,982 - org.eclipse.rse.dstore.security - 3.0.400.201205062159
2017-01-18 22:26:07,071 - org.eclipse.cdt.gdb - 7.0.0.201402142303
2017-01-18 22:26:07,071 - org.eclipse.cdt.gdb.ui - 7.0.0.201402142303
2017-01-18 22:26:07,163 - org.eclipse.sequoyah.localization.tools - 2.1.0.N20120718-0509
2017-01-18 22:26:07,163 - org.eclipse.sequoyah.localization.editor - 2.1.0.N20120718-0509
2017-01-18 22:26:07,217 - org.eclipse.pde - 3.8.100.v20140221-1700
2017-01-18 22:26:07,217 - org.eclipse.pde.build - 3.8.100.v20130514-1028
2017-01-18 22:26:07,217 - org.eclipse.pde.core - 3.9.1.v20130628-1111
2017-01-18 22:26:07,217 - org.eclipse.pde.junit.runtime - 3.4.300.v20130422-2046
2017-01-18 22:26:07,217 - org.eclipse.pde.runtime - 3.4.400.v20130402-1757
2017-01-18 22:26:07,217 - org.eclipse.pde.ui - 3.8.0.v20130515-1659
2017-01-18 22:26:07,217 - org.eclipse.pde.doc.user - 3.9.2.v20140205-0929
2017-01-18 22:26:07,218 - org.eclipse.pde.ui.templates - 3.4.600.v20130507-2057
2017-01-18 22:26:07,218 - org.eclipse.ui.views.log - 1.0.400.v20130515-2009
2017-01-18 22:26:07,218 - org.objectweb.asm - 4.0.0.v201302062210
2017-01-18 22:26:07,218 - org.eclipse.pde.api.tools - 1.0.501.v20130807-1634
2017-01-18 22:26:07,218 - org.eclipse.pde.api.tools.ui - 1.0.401.v20130730-1957
2017-01-18 22:26:07,218 - org.eclipse.pde.ds.core - 1.0.300.v20130514-1232
2017-01-18 22:26:07,218 - org.eclipse.pde.ds.ui - 1.0.300.v20130507-2057
2017-01-18 22:26:07,218 - org.eclipse.pde.launching - 3.6.101.v20130807-1445
2017-01-18 22:26:07,218 - org.eclipse.pde.ua.core - 1.0.300.v20130402-1757
2017-01-18 22:26:07,218 - org.eclipse.pde.ua.ui - 1.0.300.v20130508-1926
2017-01-18 22:26:07,218 - org.eclipse.ui.trace - 1.0.100.v20130508-1926
2017-01-18 22:26:07,305 - net.sourceforge.lpg.lpgjavaruntime - 1.1.0.v201004271650
2017-01-18 22:26:07,305 - org.eclipse.datatools.sqltools.parsers.sql.lexer - 1.0.1.v201107221520
2017-01-18 22:26:07,305 - org.eclipse.datatools.sqltools.parsers.sql.query - 1.2.1.v201201250511
2017-01-18 22:26:07,305 - org.eclipse.datatools.sqltools.parsers.sql.xml.query - 1.0.0.v201107221520
2017-01-18 22:26:07,305 - org.eclipse.datatools.sqltools.parsers.sql - 1.0.2.v201107221520
2017-01-18 22:26:07,382 - org.eclipse.mylyn.java.ui - 3.9.2.v20140211-0100
2017-01-18 22:26:07,382 - org.eclipse.mylyn.java.tasks - 3.9.2.v20140211-0100
2017-01-18 22:26:07,382 - org.eclipse.mylyn.ide.ui - 3.9.2.v20140211-0100
2017-01-18 22:26:07,382 - org.eclipse.mylyn.ide.ant - 3.9.2.v20140211-0100
2017-01-18 22:26:07,382 - org.eclipse.mylyn.debug.ui - 3.9.2.v20140211-0100
2017-01-18 22:26:07,486 - org.eclipse.mylyn.team.ui - 3.9.2.v20140211-0100
2017-01-18 22:26:07,570 - org.eclipse.m2e.wtp.jaxrs - 1.0.1.20130911-1545
2017-01-18 22:26:07,683 - org.eclipse.datatools.sqltools.sql - 1.0.1.v201110050515
2017-01-18 22:26:07,683 - org.eclipse.datatools.sqltools.common.ui - 1.0.1.v201212120623
2017-01-18 22:26:07,683 - org.eclipse.datatools.sqltools.plan - 1.0.0.v201107221520
2017-01-18 22:26:07,684 - org.eclipse.datatools.sqltools.editor.core - 1.0.3.v201212120623
2017-01-18 22:26:07,684 - org.eclipse.datatools.sqltools.sqleditor - 1.0.4.v201212120623
2017-01-18 22:26:07,684 - org.eclipse.datatools.sqltools.ddlgen.ui - 1.0.3.v201211200616
2017-01-18 22:26:07,684 - org.eclipse.datatools.connectivity.db.generic - 1.0.1.v201107221459
2017-01-18 22:26:07,684 - org.eclipse.datatools.sqltools.editor.core.ui - 1.0.0.v201001150815
2017-01-18 22:26:07,684 - org.eclipse.datatools.sqltools.sql.ui - 1.0.1.v201201270735
2017-01-18 22:26:07,756 - org.eclipse.emf.common.ui - 2.8.0.v20140203-1126
2017-01-18 22:26:07,823 - org.eclipse.tm.terminal.ssh - 2.1.300.201305201712
2017-01-18 22:26:07,882 - org.eclipse.mylyn.commons.repositories.core - 1.1.2.v20140211-0100
2017-01-18 22:26:07,882 - org.eclipse.mylyn.commons.repositories.ui - 1.1.2.v20140211-0100
2017-01-18 22:26:07,947 - org.eclipse.sequoyah.device.common.utilities - 2.1.0.N20120718-0509
2017-01-18 22:26:08,053 - org.eclipse.andmore.android.common - 0.5.0.201605181018
2017-01-18 22:26:08,053 - org.eclipse.andmore.android.codeutils - 0.5.0.201605181018
2017-01-18 22:26:08,053 - org.eclipse.andmore.android.translation - 0.5.0.201605181018
2017-01-18 22:26:08,053 - org.eclipse.andmore.android.codesnippets - 0.5.0.201605181018
2017-01-18 22:26:08,053 - org.eclipse.andmore.android.db.core - 0.5.0.201605181018
2017-01-18 22:26:08,053 - org.eclipse.andmore.android.logger - 0.5.0.201605181018
2017-01-18 22:26:08,053 - org.eclipse.andmore.android - 0.5.0.201605181018
2017-01-18 22:26:08,053 - org.eclipse.andmore.android.emulator - 0.5.0.201605181018
2017-01-18 22:26:08,054 - org.eclipse.andmore.android.launch - 0.5.0.201605181018
2017-01-18 22:26:08,054 - org.eclipse.andmore.android.packaging.ui - 0.5.0.201605181018
2017-01-18 22:26:08,054 - org.eclipse.andmore.android.handset - 0.5.0.201605181018
2017-01-18 22:26:08,054 - org.eclipse.andmore.android.remote - 0.5.0.201605181018
2017-01-18 22:26:08,054 - org.eclipse.andmore.android.win32.x86_64 - 0.5.0.201605181018
2017-01-18 22:26:08,054 - org.eclipse.andmore.android.mat - 0.5.0.201605181018
2017-01-18 22:26:08,054 - org.eclipse.andmore.android.devices.services - 0.5.0.201605181018
2017-01-18 22:26:08,054 - org.eclipse.andmore.android.db.devices - 0.5.0.201605181018
2017-01-18 22:26:08,054 - org.eclipse.andmore.android.installer - 0.5.0.201605181018
2017-01-18 22:26:08,054 - org.eclipse.andmore.android.logger.collector - 0.5.0.201605181018
2017-01-18 22:26:08,147 - org.apache.commons.net - 3.2.0.v201305141515
2017-01-18 22:26:08,147 - org.eclipse.rse.services.files.ftp - 3.0.500.201305151921
2017-01-18 22:26:08,147 - org.eclipse.rse.subsystems.files.ftp - 2.2.0.201305152119
2017-01-18 22:26:08,218 - org.eclipse.emf.mapping.ui - 2.6.0.v20140203-1126
2017-01-18 22:26:08,279 - org.apache.commons.net - 3.2.0.v201305141515
2017-01-18 22:26:08,281 - org.eclipse.rse.connectorservice.telnet - 1.2.300.201205071750
2017-01-18 22:26:08,281 - org.eclipse.rse.services.telnet - 2.0.400.201305201712
2017-01-18 22:26:08,281 - org.eclipse.rse.subsystems.shells.telnet - 1.2.300.201205062159
2017-01-18 22:26:08,344 - org.eclipse.rse.useractions - 1.1.500.201305201712
2017-01-18 22:26:08,405 - org.eclipse.mylyn.monitor.core - 3.9.2.v20140211-0100
2017-01-18 22:26:08,405 - org.eclipse.mylyn.monitor.ui - 3.9.2.v20140211-0100
2017-01-18 22:26:08,449 - org.eclipse.datatools.connectivity.oda.template.ui - 3.2.4.v201301111130
2017-01-18 22:26:08,581 - org.eclipse.datatools.enablement.ibm - 1.0.0.v201401170830
2017-01-18 22:26:08,582 - org.eclipse.datatools.enablement.ibm.db2 - 1.0.0.v201401170830
2017-01-18 22:26:08,582 - org.eclipse.datatools.enablement.ibm.db2.iseries.dbdefinition - 1.0.3.v201107221502
2017-01-18 22:26:08,582 - org.eclipse.datatools.enablement.ibm.db2.iseries - 1.0.2.v201107221502
2017-01-18 22:26:08,582 - org.eclipse.datatools.enablement.ibm.db2.iseries.ui - 1.0.3.v201212120614
2017-01-18 22:26:08,583 - org.eclipse.datatools.enablement.ibm.db2.luw.dbdefinition - 1.0.6.v201401290336
2017-01-18 22:26:08,583 - org.eclipse.datatools.enablement.ibm.db2.luw - 1.0.3.v201401170830
2017-01-18 22:26:08,583 - org.eclipse.datatools.enablement.ibm.db2.luw.ui - 1.0.6.v201402010752
2017-01-18 22:26:08,583 - org.eclipse.datatools.enablement.ibm.db2.zseries.dbdefinition - 1.0.4.v201107221502
2017-01-18 22:26:08,583 - org.eclipse.datatools.enablement.ibm.db2.zseries - 1.0.2.v201107221502
2017-01-18 22:26:08,583 - org.eclipse.datatools.enablement.ibm.db2.zseries.ui - 1.0.2.v201202100836
2017-01-18 22:26:08,583 - org.eclipse.datatools.enablement.ibm.informix.dbdefinition - 1.0.4.v201107221502
2017-01-18 22:26:08,583 - org.eclipse.datatools.enablement.ibm.informix - 1.0.1.v201107221502
2017-01-18 22:26:08,583 - org.eclipse.datatools.enablement.ibm.informix.ui - 1.0.3.v201202100836
2017-01-18 22:26:08,585 - org.eclipse.datatools.enablement.ibm.ui - 1.0.0.v201107221502
2017-01-18 22:26:08,738 - org.eclipse.sequoyah.vnc.vncviewer - 2.1.0.N20120718-0509
2017-01-18 22:26:08,818 - org.eclipse.emf.codegen.ecore.ui - 2.9.1.v20140203-1126
2017-01-18 22:26:08,898 - org.eclipse.emf.ecore.editor - 2.9.0.v20140203-1126
2017-01-18 22:26:08,977 - org.sonatype.m2e.mavenarchiver - 0.15.0.201207090125-signed-20130612210623
2017-01-18 22:26:09,068 - org.eclipse.rse.core - 3.3.100.201307171557
2017-01-18 22:26:09,068 - org.eclipse.rse.doc.user - 3.4.100.201305031537
2017-01-18 22:26:09,068 - org.eclipse.rse.efs - 2.1.401.201301141950
2017-01-18 22:26:09,068 - org.eclipse.rse.efs.ui - 2.1.400.201205062159
2017-01-18 22:26:09,068 - org.eclipse.rse.importexport - 1.2.300.201205241511
2017-01-18 22:26:09,068 - org.eclipse.rse.files.ui - 3.2.200.201307171555
2017-01-18 22:26:09,069 - org.eclipse.rse.processes.ui - 3.0.400.201205062159
2017-01-18 22:26:09,069 - org.eclipse.rse.services - 3.2.200.201211090626
2017-01-18 22:26:09,069 - org.eclipse.rse.shells.ui - 3.0.500.201305031537
2017-01-18 22:26:09,069 - org.eclipse.rse.subsystems.files.core - 3.3.1.201306281330
2017-01-18 22:26:09,070 - org.eclipse.rse.subsystems.processes.core - 3.1.300.201205062159
2017-01-18 22:26:09,070 - org.eclipse.rse.subsystems.processes.shell.linux - 1.1.400.201205062159
2017-01-18 22:26:09,072 - org.eclipse.rse.subsystems.shells.core - 3.1.300.201205141739
2017-01-18 22:26:09,072 - org.eclipse.rse.ui - 3.3.100.201306211706
2017-01-18 22:26:09,138 - org.eclipse.jpt.common.eclipselink.core - 1.3.0.v201304302343
2017-01-18 22:26:09,138 - org.eclipse.jpt.common.eclipselink.branding - 1.3.0.v201209060440
2017-01-18 22:26:09,226 - org.eclipse.tm.terminal.view - 2.4.100.201305201712
2017-01-18 22:26:09,308 - org.eclipse.mylyn.context.core - 3.9.2.v20140211-0100
2017-01-18 22:26:09,308 - org.eclipse.mylyn.context.ui - 3.9.2.v20140211-0100
2017-01-18 22:26:09,309 - org.eclipse.mylyn.resources.ui - 3.9.2.v20140211-0100
2017-01-18 22:26:09,309 - org.eclipse.mylyn.context.tasks.ui - 3.9.2.v20140211-0100
2017-01-18 22:26:09,382 - org.eclipse.tm.terminal - 3.2.100.201308011444
2017-01-18 22:26:09,466 - org.eclipse.datatools.enablement.oracle.dbdefinition - 1.0.103.v201206010214
2017-01-18 22:26:09,466 - org.eclipse.datatools.enablement.oracle - 1.0.0.v201107221506
2017-01-18 22:26:09,466 - org.eclipse.datatools.enablement.oracle.ui - 1.0.3.v201201131121
2017-01-18 22:26:09,466 - org.eclipse.datatools.enablement.finfo - 1.5.1.v200906161800
2017-01-18 22:26:09,564 - org.eclipse.emf.databinding - 1.3.0.v20140203-1126
2017-01-18 22:26:09,645 - org.eclipse.datatools.enablement.sap.maxdb.dbdefinition - 1.0.0.v201107221507
2017-01-18 22:26:09,645 - org.eclipse.datatools.enablement.sap.maxdb - 1.0.0.v201107221507
2017-01-18 22:26:09,645 - org.eclipse.datatools.enablement.sap.maxdb.ui - 1.0.0.v201107221507
2017-01-18 22:26:09,645 - org.eclipse.datatools.enablement.finfo - 1.5.1.v200906161800
2017-01-18 22:26:09,756 - org.eclipse.datatools.connectivity.sqm.core.ui - 1.2.3.v201212070447
2017-01-18 22:26:09,757 - org.eclipse.datatools.connectivity.sqm.core - 1.2.8.v201401230755
2017-01-18 22:26:09,757 - org.eclipse.datatools.connectivity.sqm.server.ui - 1.1.101.v201212070447
2017-01-18 22:26:09,757 - org.eclipse.datatools.connectivity.ui.dse - 1.1.5.v201212070447
2017-01-18 22:26:09,757 - org.eclipse.datatools.connectivity.ui - 1.2.4.v201212070447
2017-01-18 22:26:09,757 - org.eclipse.datatools.connectivity - 1.2.11.v201401230755
2017-01-18 22:26:09,757 - org.eclipse.datatools.help - 1.5.0.v200906020553
2017-01-18 22:26:09,757 - org.eclipse.datatools.connectivity.console.profile - 1.0.10.v201109250955
2017-01-18 22:26:09,843 - java_cup.runtime - 0.10.0.v201005080400
2017-01-18 22:26:09,844 - org.apache.xerces - 2.9.0.v201101211617
2017-01-18 22:26:09,845 - org.eclipse.wst.xml.xpath2.processor - 2.1.100.v201211261519
2017-01-18 22:26:09,846 - org.eclipse.wst.xml.xpath2.wtptypes - 2.0.0.v201103212215
2017-01-18 22:26:09,846 - org.eclipse.wst.xml.xpath2 - 1.1.0.v200910101444
2017-01-18 22:26:09,847 - org.eclipse.wst.xml.xpath2.processor.doc.user - 2.0.0.v201105190326
2017-01-18 22:26:09,926 - org.eclipse.wst.jsdt.core - 1.3.1.v201401291437
2017-01-18 22:26:09,926 - org.eclipse.wst.jsdt.manipulation - 1.0.400.v201204261600
2017-01-18 22:26:09,926 - org.eclipse.wst.jsdt.ui - 1.1.401.v201401171657
2017-01-18 22:26:09,926 - org.eclipse.wst.jsdt.support.firefox - 1.0.402.v201208171701
2017-01-18 22:26:09,926 - org.eclipse.wst.jsdt.support.ie - 1.0.402.v201208171701
2017-01-18 22:26:09,927 - org.eclipse.wst.jsdt.doc - 1.4.0.v201202031526
2017-01-18 22:26:09,927 - org.eclipse.wst.jsdt.debug.core - 3.1.1.v201208171701
2017-01-18 22:26:09,929 - org.eclipse.wst.jsdt.debug.transport - 1.0.101.v201208171701
2017-01-18 22:26:09,929 - org.eclipse.wst.jsdt.debug.crossfire - 1.0.301.v201208171701
2017-01-18 22:26:09,929 - org.eclipse.wst.jsdt.debug.rhino - 1.0.201.v201208171701
2017-01-18 22:26:09,931 - org.eclipse.wst.jsdt.debug.rhino.debugger - 1.0.301.v201208171701
2017-01-18 22:26:09,931 - org.eclipse.wst.jsdt.debug.ui - 1.0.300.v201209252144
2017-01-18 22:26:09,933 - org.mozilla.javascript - 1.7.2.v201005080400
2017-01-18 22:26:09,933 - org.eclipse.wst.jsdt.debug.rhino.ui - 1.0.101.v201208171701
