2017-01-18 22:26:09,933 [Worker-2] DEBUG class java.lang.Class - Starting Andmore Common Plugin...
2017-01-18 22:26:09,934 [Worker-2] DEBUG class java.lang.Class - Andmore Common Plugin started.
2017-01-18 22:26:09,934 [Worker-2] DEBUG class java.lang.Class - Starting Andmore Plugin...
2017-01-18 22:26:09,941 [Worker-2] DEBUG class java.lang.Class - Andmore Plugin started.
2017-01-18 22:26:09,999 [Worker-2] DEBUG class java.lang.Class - Starting Andmore Emulator Plugin...
2017-01-18 22:26:10,023 [Worker-2] DEBUG class java.lang.Class - Andmore Emulator Plugin started.
2017-01-18 22:26:10,057 [Worker-2] DEBUG class java.lang.Class - Starting Andmore Device Services Plugin...
2017-01-18 22:26:10,058 [Worker-2] DEBUG class java.lang.Class - Andmore Device Services Plugin started.
2017-01-18 22:26:10,069 [Worker-2] DEBUG class java.lang.Class - Starting Andmore Handset Plugin...
2017-01-18 22:26:10,070 [Worker-2] DEBUG class java.lang.Class - Andmore Handset Plugin started.
2017-01-18 22:26:10,077 [Worker-2] DEBUG class java.lang.Class - Starting Andmore Remote Device Plugin...
2017-01-18 22:26:10,077 [Worker-2] DEBUG class java.lang.Class - Starting Andmore Remote Device Plugin started.
2017-01-18 22:26:10,091 [Worker-2] INFO  Studio for Android - [Status: id=org.eclipse.andmore.android.emulator.status.offline;name=Offline]
2017-01-18 22:26:10,091 [Worker-2] INFO  Studio for Android - [Status: id=org.eclipse.andmore.android.handset.status.handsetonline;name=Online]
2017-01-18 22:26:10,091 [Worker-2] INFO  Studio for Android - [Status: id=INACTIVE;name=INACTIVE]
2017-01-18 22:26:10,091 [Worker-2] INFO  Studio for Android - [Status: id=org.eclipse.andmore.android.emulator.status.notavailable;name=Not available]
2017-01-18 22:26:10,091 [Worker-2] INFO  Studio for Android - [Status: id=IDLE;name=IDLE]
2017-01-18 22:26:10,091 [Worker-2] INFO  Studio for Android - [Status: id=org.eclipse.andmore.android.remote.status.connected;name=Connected]
2017-01-18 22:26:10,091 [Worker-2] INFO  Studio for Android - [Status: id=org.eclipse.andmore.android.remote.status.disconnected;name=Disconnected]
2017-01-18 22:26:10,091 [Worker-2] INFO  Studio for Android - [Status: id=org.eclipse.andmore.android.emulator.status.online;name=Online]
2017-01-18 22:26:10,091 [Worker-2] INFO  Studio for Android - [Status: id=OFF;name=OFF]
2017-01-18 22:26:10,091 [Worker-2] INFO  Studio for Android - [Status: id=org.eclipse.andmore.android.emulator.status.offlineNoData;name=Offline (no user data)]
